# JRE version: 7.0_07-b11
# Java VM: Java HotSpot(TM) Client VM (23.3-b01 mixed mode windows-x86 )
Heap
 def new generation   total 4928K, used 4385K [0x03a60000, 0x03fb0000, 0x08fb0000)
  eden space 4416K,  87% used [0x03a60000, 0x03e286d8, 0x03eb0000)
  from space 512K, 100% used [0x03f30000, 0x03fb0000, 0x03fb0000)
  to   space 512K,   0% used [0x03eb0000, 0x03eb0000, 0x03f30000)
 tenured generation   total 10944K, used 8120K [0x08fb0000, 0x09a60000, 0x13a60000)
   the space 10944K,  74% used [0x08fb0000, 0x0979e0d0, 0x0979e200, 0x09a60000)
 compacting perm gen  total 12544K, used 12498K [0x13a60000, 0x146a0000, 0x17a60000)
   the space 12544K,  99% used [0x13a60000, 0x14694bc8, 0x14694c00, 0x146a0000)
GC Heap History (10 events):
Event: 3.772 GC heap before
{Heap before GC invocations=6 (full 0):
 def new generation   total 4928K, used 4862K [0x03a60000, 0x03fb0000, 0x08fb0000)
  eden space 4416K, 100% used [0x03a60000, 0x03eb0000, 0x03eb0000)
  from space 512K,  87% used [0x03eb0000, 0x03f1f9f8, 0x03f30000)
  to   space 512K,   0% used [0x03f30000, 0x03f30000, 0x03fb0000)
 tenured generation   total 10944K, used 3541K [0x08fb0000, 0x09a60000, 0x13a60000)
   the space 10944K,  32% used [0x08fb0000, 0x09325560, 0x09325600, 0x09a60000)
 compacting perm gen  total 12288K, used 8905K [0x13a60000, 0x14660000, 0x17a60000)
   the space 12288K,  72% used [0x13a60000, 0x14312720, 0x14312800, 0x14660000)
No shared spaces configured.
Event: 3.775 GC heap after
Heap after GC invocations=7 (full 0):
 def new generation   total 4928K, used 380K [0x03a60000, 0x03fb0000, 0x08fb0000)
  eden space 4416K,   0% used [0x03a60000, 0x03a60000, 0x03eb0000)
  from space 512K,  74% used [0x03f30000, 0x03f8f308, 0x03fb0000)
  to   space 512K,   0% used [0x03eb0000, 0x03eb0000, 0x03f30000)
 tenured generation   total 10944K, used 3691K [0x08fb0000, 0x09a60000, 0x13a60000)
   the space 10944K,  33% used [0x08fb0000, 0x0934adb8, 0x0934ae00, 0x09a60000)
 compacting perm gen  total 12288K, used 8905K [0x13a60000, 0x14660000, 0x17a60000)
   the space 12288K,  72% used [0x13a60000, 0x14312720, 0x14312800, 0x14660000)
No shared spaces configured.
}
Event: 4.166 GC heap before
{Heap before GC invocations=7 (full 0):
 def new generation   total 4928K, used 4796K [0x03a60000, 0x03fb0000, 0x08fb0000)
  eden space 4416K, 100% used [0x03a60000, 0x03eb0000, 0x03eb0000)
  from space 512K,  74% used [0x03f30000, 0x03f8f308, 0x03fb0000)
  to   space 512K,   0% used [0x03eb0000, 0x03eb0000, 0x03f30000)
 tenured generation   total 10944K, used 3691K [0x08fb0000, 0x09a60000, 0x13a60000)
   the space 10944K,  33% used [0x08fb0000, 0x0934adb8, 0x0934ae00, 0x09a60000)
 compacting perm gen  total 12288K, used 10049K [0x13a60000, 0x14660000, 0x17a60000)
   the space 12288K,  81% used [0x13a60000, 0x144305c0, 0x14430600, 0x14660000)
No shared spaces configured.
Event: 4.171 GC heap after
Heap after GC invocations=8 (full 0):
 def new generation   total 4928K, used 497K [0x03a60000, 0x03fb0000, 0x08fb0000)
  eden space 4416K,   0% used [0x03a60000, 0x03a60000, 0x03eb0000)
  from space 512K,  97% used [0x03eb0000, 0x03f2c660, 0x03f30000)
  to   space 512K,   0% used [0x03f30000, 0x03f30000, 0x03fb0000)
 tenured generation   total 10944K, used 3927K [0x08fb0000, 0x09a60000, 0x13a60000)
   the space 10944K,  35% used [0x08fb0000, 0x09385c98, 0x09385e00, 0x09a60000)
 compacting perm gen  total 12288K, used 10049K [0x13a60000, 0x14660000, 0x17a60000)
   the space 12288K,  81% used [0x13a60000, 0x144305c0, 0x14430600, 0x14660000)
No shared spaces configured.
}
Event: 4.355 GC heap before
{Heap before GC invocations=8 (full 0):
 def new generation   total 4928K, used 4913K [0x03a60000, 0x03fb0000, 0x08fb0000)
  eden space 4416K, 100% used [0x03a60000, 0x03eb0000, 0x03eb0000)
  from space 512K,  97% used [0x03eb0000, 0x03f2c660, 0x03f30000)
  to   space 512K,   0% used [0x03f30000, 0x03f30000, 0x03fb0000)
 tenured generation   total 10944K, used 3927K [0x08fb0000, 0x09a60000, 0x13a60000)
   the space 10944K,  35% used [0x08fb0000, 0x09385c98, 0x09385e00, 0x09a60000)
 compacting perm gen  total 12288K, used 11074K [0x13a60000, 0x14660000, 0x17a60000)
   the space 12288K,  90% used [0x13a60000, 0x14530b00, 0x14530c00, 0x14660000)
No shared spaces configured.
Event: 4.362 GC heap after
Heap after GC invocations=9 (full 0):
 def new generation   total 4928K, used 512K [0x03a60000, 0x03fb0000, 0x08fb0000)
  eden space 4416K,   0% used [0x03a60000, 0x03a60000, 0x03eb0000)
  from space 512K, 100% used [0x03f30000, 0x03fb0000, 0x03fb0000)
  to   space 512K,   0% used [0x03eb0000, 0x03eb0000, 0x03f30000)
 tenured generation   total 10944K, used 4731K [0x08fb0000, 0x09a60000, 0x13a60000)
   the space 10944K,  43% used [0x08fb0000, 0x0944ec30, 0x0944ee00, 0x09a60000)
 compacting perm gen  total 12288K, used 11074K [0x13a60000, 0x14660000, 0x17a60000)
   the space 12288K,  90% used [0x13a60000, 0x14530b00, 0x14530c00, 0x14660000)
No shared spaces configured.
}
Event: 4.561 GC heap before
{Heap before GC invocations=9 (full 0):
 def new generation   total 4928K, used 4928K [0x03a60000, 0x03fb0000, 0x08fb0000)
  eden space 4416K, 100% used [0x03a60000, 0x03eb0000, 0x03eb0000)
  from space 512K, 100% used [0x03f30000, 0x03fb0000, 0x03fb0000)
  to   space 512K,   0% used [0x03eb0000, 0x03eb0000, 0x03f30000)
 tenured generation   total 10944K, used 4731K [0x08fb0000, 0x09a60000, 0x13a60000)
   the space 10944K,  43% used [0x08fb0000, 0x0944ec30, 0x0944ee00, 0x09a60000)
 compacting perm gen  total 12288K, used 11773K [0x13a60000, 0x14660000, 0x17a60000)
   the space 12288K,  95% used [0x13a60000, 0x145df548, 0x145df600, 0x14660000)
No shared spaces configured.
Event: 4.572 GC heap after
Heap after GC invocations=10 (full 0):
 def new generation   total 4928K, used 512K [0x03a60000, 0x03fb0000, 0x08fb0000)
  eden space 4416K,   0% used [0x03a60000, 0x03a60000, 0x03eb0000)
  from space 512K, 100% used [0x03eb0000, 0x03f30000, 0x03f30000)
  to   space 512K,   0% used [0x03f30000, 0x03f30000, 0x03fb0000)
 tenured generation   total 10944K, used 6231K [0x08fb0000, 0x09a60000, 0x13a60000)
   the space 10944K,  56% used [0x08fb0000, 0x095c5e00, 0x095c5e00, 0x09a60000)
 compacting perm gen  total 12288K, used 11773K [0x13a60000, 0x14660000, 0x17a60000)
   the space 12288K,  95% used [0x13a60000, 0x145df548, 0x145df600, 0x14660000)
No shared spaces configured.
}
Event: 11.721 GC heap before
{Heap before GC invocations=10 (full 0):
 def new generation   total 4928K, used 4928K [0x03a60000, 0x03fb0000, 0x08fb0000)
  eden space 4416K, 100% used [0x03a60000, 0x03eb0000, 0x03eb0000)
  from space 512K, 100% used [0x03eb0000, 0x03f30000, 0x03f30000)
  to   space 512K,   0% used [0x03f30000, 0x03f30000, 0x03fb0000)
 tenured generation   total 10944K, used 6231K [0x08fb0000, 0x09a60000, 0x13a60000)
   the space 10944K,  56% used [0x08fb0000, 0x095c5e00, 0x095c5e00, 0x09a60000)
 compacting perm gen  total 12288K, used 12235K [0x13a60000, 0x14660000, 0x17a60000)
   the space 12288K,  99% used [0x13a60000, 0x14652c68, 0x14652e00, 0x14660000)
No shared spaces configured.
Event: 11.749 GC heap after
Heap after GC invocations=11 (full 0):
 def new generation   total 4928K, used 512K [0x03a60000, 0x03fb0000, 0x08fb0000)
  eden space 4416K,   0% used [0x03a60000, 0x03a60000, 0x03eb0000)
  from space 512K, 100% used [0x03f30000, 0x03fb0000, 0x03fb0000)
  to   space 512K,   0% used [0x03eb0000, 0x03eb0000, 0x03f30000)
 tenured generation   total 10944K, used 8120K [0x08fb0000, 0x09a60000, 0x13a60000)
   the space 10944K,  74% used [0x08fb0000, 0x0979e0d0, 0x0979e200, 0x09a60000)
 compacting perm gen  total 12288K, used 12235K [0x13a60000, 0x14660000, 0x17a60000)
   the space 12288K,  99% used [0x13a60000, 0x14652c68, 0x14652e00, 0x14660000)
No shared spaces configured.
}

